<?xml version="1.0" encoding="UTF-8"?>
<!-- Generated by org.testng.reporters.JUnitReportReporter -->
<testsuite hostname="QEdge-PC" name="com.qedge.selenium.TestNGFlow3" tests="3" failures="0" timestamp="13 Jul 2016 02:46:49 GMT" time="0.005" errors="0">
  <testcase name="createCustomer" time="0.001" classname="com.qedge.selenium.TestNGFlow3"/>
  <testcase name="editCustomer" time="0.002" classname="com.qedge.selenium.TestNGFlow3"/>
  <testcase name="deleteCustomer" time="0.002" classname="com.qedge.selenium.TestNGFlow3"/>
</testsuite> <!-- com.qedge.selenium.TestNGFlow3 -->
