<?xml version="1.0" encoding="UTF-8"?>
<!-- Generated by org.testng.reporters.JUnitReportReporter -->
<testsuite hostname="QEdge-PC" name="com.qedge.selenium.MouseAndKeyBoardActions" tests="1" failures="0" timestamp="20 Jul 2016 02:21:44 GMT" time="9.885" errors="0">
  <testcase name="mouseAndKeyBoardActions" time="9.885" classname="com.qedge.selenium.MouseAndKeyBoardActions"/>
</testsuite> <!-- com.qedge.selenium.MouseAndKeyBoardActions -->
