<?xml version="1.0" encoding="UTF-8"?>
<!-- Generated by org.testng.reporters.JUnitReportReporter -->
<testsuite hostname="QEdge-PC" name="com.qedge.selenium.OtherBrowsers" tests="1" failures="0" timestamp="15 Jul 2016 02:52:25 GMT" time="9.906" errors="0">
  <testcase name="ieBrowser" time="9.906" classname="com.qedge.selenium.OtherBrowsers"/>
</testsuite> <!-- com.qedge.selenium.OtherBrowsers -->
