<?xml version="1.0" encoding="UTF-8"?>
<!-- Generated by org.testng.reporters.JUnitReportReporter -->
<testsuite hostname="QEdge-PC" name="com.qedge.selenium.TestNGFlow5" tests="3" failures="0" timestamp="13 Jul 2016 02:52:55 GMT" time="0.016" errors="0">
  <testcase name="deleteCustomer" time="0.003" classname="com.qedge.selenium.TestNGFlow5"/>
  <testcase name="createCustomer" time="0.008" classname="com.qedge.selenium.TestNGFlow5"/>
  <testcase name="editCustomer" time="0.005" classname="com.qedge.selenium.TestNGFlow5"/>
</testsuite> <!-- com.qedge.selenium.TestNGFlow5 -->
