<?xml version="1.0" encoding="UTF-8"?>
<!-- Generated by org.testng.reporters.JUnitReportReporter -->
<testsuite hostname="QEdge-PC" name="com.qedge.selenium.FileUpload" tests="1" failures="0" timestamp="19 Jul 2016 02:19:43 GMT" time="6.491" errors="0">
  <testcase name="fileUpload" time="6.491" classname="com.qedge.selenium.FileUpload"/>
</testsuite> <!-- com.qedge.selenium.FileUpload -->
