<?xml version="1.0" encoding="UTF-8"?>
<!-- Generated by org.testng.reporters.JUnitReportReporter -->
<testsuite hostname="QEdge-PC" name="com.qedge.selenium.Popups" tests="1" failures="0" timestamp="18 Jul 2016 02:29:30 GMT" time="27.076" errors="0">
  <testcase name="calendarPopup" time="27.076" classname="com.qedge.selenium.Popups"/>
</testsuite> <!-- com.qedge.selenium.Popups -->
