<?xml version="1.0" encoding="UTF-8"?>
<!-- Generated by org.testng.reporters.JUnitReportReporter -->
<testsuite hostname="QEdge-PC" name="com.qedge.selenium.TestNGFlow1" tests="2" failures="0" timestamp="13 Jul 2016 02:46:49 GMT" time="0.024" errors="0">
  <testcase name="testcase2" time="0.003" classname="com.qedge.selenium.TestNGFlow1"/>
  <testcase name="testcase1" time="0.021" classname="com.qedge.selenium.TestNGFlow1"/>
</testsuite> <!-- com.qedge.selenium.TestNGFlow1 -->
