<?xml version="1.0" encoding="UTF-8"?>
<!-- Generated by org.testng.reporters.JUnitReportReporter -->
<testsuite hostname="QEdge-PC" name="com.qedge.selenium.MultipleElements" tests="1" failures="0" timestamp="13 Jul 2016 03:23:20 GMT" time="25.923" errors="0">
  <testcase name="performActiononCheckboxes" time="25.923" classname="com.qedge.selenium.MultipleElements"/>
</testsuite> <!-- com.qedge.selenium.MultipleElements -->
