<?xml version="1.0" encoding="UTF-8"?>
<!-- Generated by org.testng.reporters.JUnitReportReporter -->
<testsuite hostname="QEdge-PC" name="com.qedge.selenium.testng.Iframes" tests="1" failures="0" timestamp="30 Jun 2016 03:41:17 GMT" time="17.537" errors="0">
  <testcase name="verifyAllIframes" time="17.537" classname="com.qedge.selenium.testng.Iframes"/>
</testsuite> <!-- com.qedge.selenium.testng.Iframes -->
