<?xml version="1.0" encoding="UTF-8"?>
<!-- Generated by org.testng.reporters.JUnitReportReporter -->
<testsuite hostname="QEdge-PC" name="com.qedge.selenium.testng.BasicsofTestNG2" tests="2" failures="0" timestamp="30 Jun 2016 03:41:17 GMT" time="0.005" errors="0">
  <testcase name="testcase2" time="0.003" classname="com.qedge.selenium.testng.BasicsofTestNG2"/>
  <testcase name="testcase1" time="0.002" classname="com.qedge.selenium.testng.BasicsofTestNG2"/>
</testsuite> <!-- com.qedge.selenium.testng.BasicsofTestNG2 -->
