<?xml version="1.0" encoding="UTF-8"?>
<!-- Generated by org.testng.reporters.JUnitReportReporter -->
<testsuite hostname="QEdge-PC" name="com.qedge.selenium.testng.MouseandKeyboardActions" tests="1" failures="0" timestamp="30 Jun 2016 03:41:17 GMT" time="3.052" errors="0">
  <testcase name="mouseAndKeyboardAction" time="3.052" classname="com.qedge.selenium.testng.MouseandKeyboardActions"/>
</testsuite> <!-- com.qedge.selenium.testng.MouseandKeyboardActions -->
