<?xml version="1.0" encoding="UTF-8"?>
<!-- Generated by org.testng.reporters.JUnitReportReporter -->
<testsuite hostname="QEdge-PC" name="com.qedge.selenium.testng.BasicsofTestNG6" tests="2" failures="0" timestamp="30 Jun 2016 03:41:17 GMT" time="0.002" errors="0">
  <testcase name="createCustomer" time="0.001" classname="com.qedge.selenium.testng.BasicsofTestNG6"/>
  <testcase name="deleteCustomer" time="0.001" classname="com.qedge.selenium.testng.BasicsofTestNG6"/>
</testsuite> <!-- com.qedge.selenium.testng.BasicsofTestNG6 -->
