<?xml version="1.0" encoding="UTF-8"?>
<!-- Generated by org.testng.reporters.JUnitReportReporter -->
<testsuite hostname="QEdge-PC" name="com.qedge.selenium.common.GridIE" tests="1" failures="0" timestamp="1 Jul 2016 04:12:14 GMT" time="10.222" errors="0">
  <testcase name="gridIE" time="10.222" classname="com.qedge.selenium.common.GridIE"/>
</testsuite> <!-- com.qedge.selenium.common.GridIE -->
