<?xml version="1.0" encoding="UTF-8"?>
<!-- Generated by org.testng.reporters.JUnitReportReporter -->
<testsuite hostname="QEdge-PC" name="com.qedge.selenium.testng.FilePopup" tests="1" failures="0" timestamp="30 Jun 2016 03:41:17 GMT" time="12.869" errors="0">
  <testcase name="fileDownload" time="12.869" classname="com.qedge.selenium.testng.FilePopup"/>
</testsuite> <!-- com.qedge.selenium.testng.FilePopup -->
