<?xml version="1.0" encoding="UTF-8"?>
<!-- Generated by org.testng.reporters.JUnitReportReporter -->
<testsuite hostname="QEdge-PC" name="com.qedge.selenium.testng.VerifyingAllLinks" tests="1" failures="0" timestamp="30 Jun 2016 03:41:17 GMT" time="18.479" errors="0">
  <testcase name="allCheckBoxes" time="18.479" classname="com.qedge.selenium.testng.VerifyingAllLinks"/>
</testsuite> <!-- com.qedge.selenium.testng.VerifyingAllLinks -->
