<?xml version="1.0" encoding="UTF-8"?>
<!-- Generated by org.testng.reporters.JUnitReportReporter -->
<testsuite hostname="QEdge-PC" name="com.qedge.selenium.common.GridFirefox" tests="1" failures="0" timestamp="1 Jul 2016 04:08:42 GMT" time="6.522" errors="0">
  <testcase name="gridff" time="6.522" classname="com.qedge.selenium.common.GridFirefox"/>
</testsuite> <!-- com.qedge.selenium.common.GridFirefox -->
