<?xml version="1.0" encoding="UTF-8"?>
<!-- Generated by org.testng.reporters.JUnitReportReporter -->
<testsuite hostname="QEdge-PC" name="com.qedge.selenium.testng.BasicsofTestNG4" tests="3" failures="0" timestamp="30 Jun 2016 03:41:17 GMT" time="0.003" errors="0">
  <testcase name="editCustomer" time="0.001" classname="com.qedge.selenium.testng.BasicsofTestNG4"/>
  <testcase name="deleteCustomer" time="0.001" classname="com.qedge.selenium.testng.BasicsofTestNG4"/>
  <testcase name="createCustomer" time="0.001" classname="com.qedge.selenium.testng.BasicsofTestNG4"/>
</testsuite> <!-- com.qedge.selenium.testng.BasicsofTestNG4 -->
