<?xml version="1.0" encoding="UTF-8"?>
<!-- Generated by org.testng.reporters.JUnitReportReporter -->
<testsuite hostname="QEdge-PC" name="com.qedge.selenium.testng.OtherBrowsers" tests="1" failures="0" timestamp="30 Jun 2016 03:41:17 GMT" time="17.805" errors="0">
  <testcase name="ieBrowser" time="17.805" classname="com.qedge.selenium.testng.OtherBrowsers"/>
</testsuite> <!-- com.qedge.selenium.testng.OtherBrowsers -->
