<?xml version="1.0" encoding="UTF-8"?>
<!-- Generated by org.testng.reporters.JUnitReportReporter -->
<testsuite hostname="QEdge-PC" name="com.testCases.VerifyLogin" tests="1" failures="0" timestamp="22 Jul 2016 02:58:16 GMT" time="12.090" errors="0">
  <testcase name="loginWithValidUsers" time="12.090" classname="com.testCases.VerifyLogin"/>
</testsuite> <!-- com.testCases.VerifyLogin -->
